<?xml version="1.0" encoding="UTF-8" ?>
<testsuite tests="26" failures="0" name="cz.muni.fi.pv168.hotel.GuestManagerTest" time="3.378" errors="0" skipped="0">
  <properties>
    <property name="java.runtime.name" value="Java(TM) SE Runtime Environment"/>
    <property name="sun.boot.library.path" value="/usr/lib/jvm/java-8-oracle/jre/lib/amd64"/>
    <property name="java.vm.version" value="25.201-b09"/>
    <property name="java.vm.vendor" value="Oracle Corporation"/>
    <property name="maven.multiModuleProjectDirectory" value="/home/simon/JAVA/PV168/pv168_transylvanie"/>
    <property name="java.vendor.url" value="http://java.oracle.com/"/>
    <property name="path.separator" value=":"/>
    <property name="guice.disable.misplaced.annotation.check" value="true"/>
    <property name="java.vm.name" value="Java HotSpot(TM) 64-Bit Server VM"/>
    <property name="file.encoding.pkg" value="sun.io"/>
    <property name="user.country" value="CZ"/>
    <property name="sun.java.launcher" value="SUN_STANDARD"/>
    <property name="sun.os.patch.level" value="unknown"/>
    <property name="java.vm.specification.name" value="Java Virtual Machine Specification"/>
    <property name="user.dir" value="/home/simon/JAVA/PV168/pv168_transylvanie"/>
    <property name="java.runtime.version" value="1.8.0_201-b09"/>
    <property name="java.awt.graphicsenv" value="sun.awt.X11GraphicsEnvironment"/>
    <property name="java.endorsed.dirs" value="/usr/lib/jvm/java-8-oracle/jre/lib/endorsed"/>
    <property name="os.arch" value="amd64"/>
    <property name="java.io.tmpdir" value="/tmp"/>
    <property name="line.separator" value="
"/>
    <property name="java.vm.specification.vendor" value="Oracle Corporation"/>
    <property name="os.name" value="Linux"/>
    <property name="classworlds.conf" value="/usr/share/maven/bin/m2.conf"/>
    <property name="sun.jnu.encoding" value="UTF-8"/>
    <property name="java.library.path" value="/usr/java/packages/lib/amd64:/usr/lib64:/lib64:/lib:/usr/lib"/>
    <property name="maven.conf" value="/usr/share/maven/conf"/>
    <property name="java.specification.name" value="Java Platform API Specification"/>
    <property name="java.class.version" value="52.0"/>
    <property name="sun.management.compiler" value="HotSpot 64-Bit Tiered Compilers"/>
    <property name="os.version" value="4.15.0-48-generic"/>
    <property name="library.jansi.path" value="/usr/share/maven/lib/jansi-native"/>
    <property name="user.home" value="/home/simon"/>
    <property name="user.timezone" value="Europe/Prague"/>
    <property name="java.awt.printerjob" value="sun.print.PSPrinterJob"/>
    <property name="java.specification.version" value="1.8"/>
    <property name="file.encoding" value="UTF-8"/>
    <property name="user.name" value="simon"/>
    <property name="java.class.path" value="/usr/share/maven/boot/plexus-classworlds-2.x.jar"/>
    <property name="java.vm.specification.version" value="1.8"/>
    <property name="sun.arch.data.model" value="64"/>
    <property name="java.home" value="/usr/lib/jvm/java-8-oracle/jre"/>
    <property name="sun.java.command" value="org.codehaus.plexus.classworlds.launcher.Launcher install"/>
    <property name="java.specification.vendor" value="Oracle Corporation"/>
    <property name="user.language" value="cs"/>
    <property name="awt.toolkit" value="sun.awt.X11.XToolkit"/>
    <property name="java.vm.info" value="mixed mode"/>
    <property name="java.version" value="1.8.0_201"/>
    <property name="java.ext.dirs" value="/usr/lib/jvm/java-8-oracle/jre/lib/ext:/usr/java/packages/lib/ext"/>
    <property name="securerandom.source" value="file:/dev/./urandom"/>
    <property name="sun.boot.class.path" value="/usr/lib/jvm/java-8-oracle/jre/lib/resources.jar:/usr/lib/jvm/java-8-oracle/jre/lib/rt.jar:/usr/lib/jvm/java-8-oracle/jre/lib/sunrsasign.jar:/usr/lib/jvm/java-8-oracle/jre/lib/jsse.jar:/usr/lib/jvm/java-8-oracle/jre/lib/jce.jar:/usr/lib/jvm/java-8-oracle/jre/lib/charsets.jar:/usr/lib/jvm/java-8-oracle/jre/lib/jfr.jar:/usr/lib/jvm/java-8-oracle/jre/classes"/>
    <property name="java.vendor" value="Oracle Corporation"/>
    <property name="maven.home" value="/usr/share/maven"/>
    <property name="file.separator" value="/"/>
    <property name="java.vendor.url.bug" value="http://bugreport.sun.com/bugreport/"/>
    <property name="sun.cpu.endian" value="little"/>
    <property name="sun.io.unicode.encoding" value="UnicodeLittle"/>
    <property name="sun.desktop" value="gnome"/>
    <property name="sun.cpu.isalist" value=""/>
  </properties>
  <testcase classname="cz.muni.fi.pv168.hotel.GuestManagerTest" name="createGuestWithSqlExceptionThrown" time="1.564"/>
  <testcase classname="cz.muni.fi.pv168.hotel.GuestManagerTest" name="getGuestWithSqlExceptionThrown" time="0.139"/>
  <testcase classname="cz.muni.fi.pv168.hotel.GuestManagerTest" name="deleteGuestWithSqlExceptionThrown" time="0.094"/>
  <testcase classname="cz.muni.fi.pv168.hotel.GuestManagerTest" name="deleteGuest" time="0.167"/>
  <testcase classname="cz.muni.fi.pv168.hotel.GuestManagerTest" name="findGuestWithNullRoom" time="0.067"/>
  <testcase classname="cz.muni.fi.pv168.hotel.GuestManagerTest" name="checkOutGuestWithSqlExceptionThrown" time="0.082"/>
  <testcase classname="cz.muni.fi.pv168.hotel.GuestManagerTest" name="createGuest" time="0.086"/>
  <testcase classname="cz.muni.fi.pv168.hotel.GuestManagerTest" name="freeRooms" time="0.113"/>
  <testcase classname="cz.muni.fi.pv168.hotel.GuestManagerTest" name="createNullGuest" time="0.051"/>
  <testcase classname="cz.muni.fi.pv168.hotel.GuestManagerTest" name="createGuestWithCheckInToday" time="0.074"/>
  <testcase classname="cz.muni.fi.pv168.hotel.GuestManagerTest" name="createGuestNullCheckOut" time="0.076"/>
  <testcase classname="cz.muni.fi.pv168.hotel.GuestManagerTest" name="deleteNonExistingGuest" time="0.057"/>
  <testcase classname="cz.muni.fi.pv168.hotel.GuestManagerTest" name="createGuestCheckInAndCheckOutInSameDay" time="0.083"/>
  <testcase classname="cz.muni.fi.pv168.hotel.GuestManagerTest" name="findGuestbyRoomWithNullId" time="0.047"/>
  <testcase classname="cz.muni.fi.pv168.hotel.GuestManagerTest" name="createBodyWithNullName" time="0.043"/>
  <testcase classname="cz.muni.fi.pv168.hotel.GuestManagerTest" name="createGuestWithNullPhone" time="0.067"/>
  <testcase classname="cz.muni.fi.pv168.hotel.GuestManagerTest" name="createGuestNullCheckIn" time="0.079"/>
  <testcase classname="cz.muni.fi.pv168.hotel.GuestManagerTest" name="findGuestByRoomWithSqlExceptionThrown" time="0.049"/>
  <testcase classname="cz.muni.fi.pv168.hotel.GuestManagerTest" name="findAllGuestsWithSqlExceptionThrown" time="0.049"/>
  <testcase classname="cz.muni.fi.pv168.hotel.GuestManagerTest" name="deleteGuestWithNullId" time="0.048"/>
  <testcase classname="cz.muni.fi.pv168.hotel.GuestManagerTest" name="freeRoomsWithSqlExceptionThrown" time="0.041"/>
  <testcase classname="cz.muni.fi.pv168.hotel.GuestManagerTest" name="deleteNullGuest" time="0.039"/>
  <testcase classname="cz.muni.fi.pv168.hotel.GuestManagerTest" name="findAllGuest" time="0.076"/>
  <testcase classname="cz.muni.fi.pv168.hotel.GuestManagerTest" name="findGuestByName" time="0.067"/>
  <testcase classname="cz.muni.fi.pv168.hotel.GuestManagerTest" name="findGuestByRoom" time="0.077"/>
  <testcase classname="cz.muni.fi.pv168.hotel.GuestManagerTest" name="createGuestWithExistingId" time="0.043"/>
</testsuite>