<?xml version="1.0" encoding="UTF-8" ?>
<testsuite tests="26" failures="0" name="cz.muni.fi.pv168.hotel.GuestManagerTest" time="3.341" errors="0" skipped="0">
  <properties>
    <property name="java.runtime.name" value="Java(TM) SE Runtime Environment"/>
    <property name="sun.boot.library.path" value="C:\Program Files\Java\jdk1.8.0_152\jre\bin"/>
    <property name="java.vm.version" value="25.152-b16"/>
    <property name="java.vm.vendor" value="Oracle Corporation"/>
    <property name="java.vendor.url" value="http://java.oracle.com/"/>
    <property name="path.separator" value=";"/>
    <property name="guice.disable.misplaced.annotation.check" value="true"/>
    <property name="java.vm.name" value="Java HotSpot(TM) 64-Bit Server VM"/>
    <property name="file.encoding.pkg" value="sun.io"/>
    <property name="user.script" value=""/>
    <property name="user.country" value="CZ"/>
    <property name="sun.java.launcher" value="SUN_STANDARD"/>
    <property name="sun.os.patch.level" value=""/>
    <property name="java.vm.specification.name" value="Java Virtual Machine Specification"/>
    <property name="user.dir" value="C:\xxx\skola\java_projekt\pv168_transylvanie"/>
    <property name="java.runtime.version" value="1.8.0_152-b16"/>
    <property name="java.awt.graphicsenv" value="sun.awt.Win32GraphicsEnvironment"/>
    <property name="java.endorsed.dirs" value="C:\Program Files\Java\jdk1.8.0_152\jre\lib\endorsed"/>
    <property name="os.arch" value="amd64"/>
    <property name="java.io.tmpdir" value="C:\Users\Lydie\AppData\Local\Temp\"/>
    <property name="line.separator" value="
"/>
    <property name="java.vm.specification.vendor" value="Oracle Corporation"/>
    <property name="user.variant" value=""/>
    <property name="os.name" value="Windows 10"/>
    <property name="maven.ext.class.path" value="C:\Program Files\NetBeans 8.2\java\maven-nblib\netbeans-eventspy.jar"/>
    <property name="classworlds.conf" value="C:\Program Files\NetBeans 8.2\java\maven\bin\m2.conf"/>
    <property name="sun.jnu.encoding" value="Cp1250"/>
    <property name="java.library.path" value="C:\Program Files\Java\jdk1.8.0_152\bin;C:\WINDOWS\Sun\Java\bin;C:\WINDOWS\system32;C:\WINDOWS;C:\Program Files (x86)\Python37-32\Scripts\;C:\Program Files (x86)\Python37-32\;C:\Program Files\Python37\Scripts\;C:\Program Files\Python37\;C:\ProgramData\Oracle\Java\javapath;C:\Program Files (x86)\Intel\iCLS Client\;C:\Program Files\Intel\iCLS Client\;C:\WINDOWS\system32;C:\WINDOWS;C:\WINDOWS\System32\Wbem;C:\WINDOWS\System32\WindowsPowerShell\v1.0\;C:\Program Files (x86)\Intel\Intel(R) Management Engine Components\DAL;C:\Program Files\Intel\Intel(R) Management Engine Components\DAL;C:\Program Files (x86)\Intel\Intel(R) Management Engine Components\IPT;C:\Program Files\Intel\Intel(R) Management Engine Components\IPT;&quot;C:\Program Files\Java\jdk1.8.0_112\bin&quot;;C:\Program Files (x86)\PuTTY\;C:\WINDOWS\system32\config\systemprofile\.dnx\bin;C:\Program Files\Microsoft DNX\Dnvm\;C:\Program Files\Microsoft SQL Server\130\Tools\Binn\;C:\Program Files (x86)\Skype\Phone\;C:\Program Files\OpenVPN\bin;C:\Program Files\MiKTeX 2.9\miktex\bin\x64\;C:\Program Files\Git\cmd;C:\WINDOWS\System32\OpenSSH\;C:\Program Files\Intel\WiFi\bin\;C:\Program Files\Common Files\Intel\WirelessCommon\;C:\Users\Lydie\AppData\Local\Programs\Python\Python37-32\Scripts\;C:\Users\Lydie\AppData\Local\Programs\Python\Python37-32\;C:\Users\Lydie\AppData\Local\Microsoft\WindowsApps;C:\Users\Lydie\AppData\Roaming\MiKTeX\2.9\miktex\bin\x64\;C:\texlive\2017\bin\win32;;C:\Users\Lydie\AppData\Local\Programs\Microsoft VS Code\bin;."/>
    <property name="java.specification.name" value="Java Platform API Specification"/>
    <property name="java.class.version" value="52.0"/>
    <property name="sun.management.compiler" value="HotSpot 64-Bit Tiered Compilers"/>
    <property name="os.version" value="10.0"/>
    <property name="user.home" value="C:\Users\Lydie"/>
    <property name="user.timezone" value="Europe/Prague"/>
    <property name="java.awt.printerjob" value="sun.awt.windows.WPrinterJob"/>
    <property name="java.specification.version" value="1.8"/>
    <property name="file.encoding" value="UTF-8"/>
    <property name="user.name" value="Lydie"/>
    <property name="java.class.path" value="C:\Program Files\NetBeans 8.2\java\maven\boot\plexus-classworlds-2.4.jar"/>
    <property name="java.vm.specification.version" value="1.8"/>
    <property name="sun.arch.data.model" value="64"/>
    <property name="java.home" value="C:\Program Files\Java\jdk1.8.0_152\jre"/>
    <property name="sun.java.command" value="org.codehaus.plexus.classworlds.launcher.Launcher -Dmaven.ext.class.path=C:\Program Files\NetBeans 8.2\java\maven-nblib\netbeans-eventspy.jar -Dfile.encoding=UTF-8 clean install"/>
    <property name="java.specification.vendor" value="Oracle Corporation"/>
    <property name="user.language" value="cs"/>
    <property name="awt.toolkit" value="sun.awt.windows.WToolkit"/>
    <property name="java.vm.info" value="mixed mode"/>
    <property name="java.version" value="1.8.0_152"/>
    <property name="java.ext.dirs" value="C:\Program Files\Java\jdk1.8.0_152\jre\lib\ext;C:\WINDOWS\Sun\Java\lib\ext"/>
    <property name="sun.boot.class.path" value="C:\Program Files\Java\jdk1.8.0_152\jre\lib\resources.jar;C:\Program Files\Java\jdk1.8.0_152\jre\lib\rt.jar;C:\Program Files\Java\jdk1.8.0_152\jre\lib\sunrsasign.jar;C:\Program Files\Java\jdk1.8.0_152\jre\lib\jsse.jar;C:\Program Files\Java\jdk1.8.0_152\jre\lib\jce.jar;C:\Program Files\Java\jdk1.8.0_152\jre\lib\charsets.jar;C:\Program Files\Java\jdk1.8.0_152\jre\lib\jfr.jar;C:\Program Files\Java\jdk1.8.0_152\jre\classes"/>
    <property name="java.vendor" value="Oracle Corporation"/>
    <property name="maven.home" value="C:\Program Files\NetBeans 8.2\java\maven"/>
    <property name="file.separator" value="\"/>
    <property name="java.vendor.url.bug" value="http://bugreport.sun.com/bugreport/"/>
    <property name="sun.cpu.endian" value="little"/>
    <property name="sun.io.unicode.encoding" value="UnicodeLittle"/>
    <property name="sun.desktop" value="windows"/>
    <property name="sun.cpu.isalist" value="amd64"/>
  </properties>
  <testcase classname="cz.muni.fi.pv168.hotel.GuestManagerTest" name="createGuestWithSqlExceptionThrown" time="1.565"/>
  <testcase classname="cz.muni.fi.pv168.hotel.GuestManagerTest" name="getGuestWithSqlExceptionThrown" time="0.132"/>
  <testcase classname="cz.muni.fi.pv168.hotel.GuestManagerTest" name="deleteGuestWithSqlExceptionThrown" time="0.082"/>
  <testcase classname="cz.muni.fi.pv168.hotel.GuestManagerTest" name="deleteGuest" time="0.161"/>
  <testcase classname="cz.muni.fi.pv168.hotel.GuestManagerTest" name="findGuestWithNullRoom" time="0.073"/>
  <testcase classname="cz.muni.fi.pv168.hotel.GuestManagerTest" name="checkOutGuestWithSqlExceptionThrown" time="0.07"/>
  <testcase classname="cz.muni.fi.pv168.hotel.GuestManagerTest" name="createGuest" time="0.08"/>
  <testcase classname="cz.muni.fi.pv168.hotel.GuestManagerTest" name="freeRooms" time="0.092"/>
  <testcase classname="cz.muni.fi.pv168.hotel.GuestManagerTest" name="createNullGuest" time="0.046"/>
  <testcase classname="cz.muni.fi.pv168.hotel.GuestManagerTest" name="createGuestWithCheckInToday" time="0.075"/>
  <testcase classname="cz.muni.fi.pv168.hotel.GuestManagerTest" name="createGuestNullCheckOut" time="0.067"/>
  <testcase classname="cz.muni.fi.pv168.hotel.GuestManagerTest" name="deleteNonExistingGuest" time="0.051"/>
  <testcase classname="cz.muni.fi.pv168.hotel.GuestManagerTest" name="createGuestCheckInAndCheckOutInSameDay" time="0.074"/>
  <testcase classname="cz.muni.fi.pv168.hotel.GuestManagerTest" name="findGuestbyRoomWithNullId" time="0.038"/>
  <testcase classname="cz.muni.fi.pv168.hotel.GuestManagerTest" name="createBodyWithNullName" time="0.038"/>
  <testcase classname="cz.muni.fi.pv168.hotel.GuestManagerTest" name="createGuestWithNullPhone" time="0.045"/>
  <testcase classname="cz.muni.fi.pv168.hotel.GuestManagerTest" name="createGuestNullCheckIn" time="0.061"/>
  <testcase classname="cz.muni.fi.pv168.hotel.GuestManagerTest" name="findGuestByRoomWithSqlExceptionThrown" time="0.037"/>
  <testcase classname="cz.muni.fi.pv168.hotel.GuestManagerTest" name="findAllGuestsWithSqlExceptionThrown" time="0.043"/>
  <testcase classname="cz.muni.fi.pv168.hotel.GuestManagerTest" name="deleteGuestWithNullId" time="0.04"/>
  <testcase classname="cz.muni.fi.pv168.hotel.GuestManagerTest" name="freeRoomsWithSqlExceptionThrown" time="0.041"/>
  <testcase classname="cz.muni.fi.pv168.hotel.GuestManagerTest" name="deleteNullGuest" time="0.035"/>
  <testcase classname="cz.muni.fi.pv168.hotel.GuestManagerTest" name="findAllGuest" time="0.07"/>
  <testcase classname="cz.muni.fi.pv168.hotel.GuestManagerTest" name="findGuestByName" time="0.06"/>
  <testcase classname="cz.muni.fi.pv168.hotel.GuestManagerTest" name="findGuestByRoom" time="0.093"/>
  <testcase classname="cz.muni.fi.pv168.hotel.GuestManagerTest" name="createGuestWithExistingId" time="0.039"/>
</testsuite>